<?xml version="1.0" encoding="UTF-8"?>
<coverage generated="1617290255389" clover="3.2.0">
  <project timestamp="1617290255389" name="All files">
    <metrics statements="31" coveredstatements="31" conditionals="2" coveredconditionals="1" methods="12" coveredmethods="12" elements="45" coveredelements="44" complexity="0" loc="31" ncloc="31" packages="1" files="4" classes="4"/>
    <file name="Menu.js" path="/Users/samtownsend/CloudStation/Engineering/orm/src/Menu.js">
      <metrics statements="9" coveredstatements="9" conditionals="0" coveredconditionals="0" methods="4" coveredmethods="4"/>
      <line num="1" count="2" type="stmt"/>
      <line num="5" count="2" type="stmt"/>
      <line num="6" count="2" type="stmt"/>
      <line num="7" count="2" type="stmt"/>
      <line num="11" count="2" type="stmt"/>
      <line num="16" count="1" type="stmt"/>
      <line num="20" count="1" type="stmt"/>
      <line num="21" count="1" type="stmt"/>
      <line num="26" count="2" type="stmt"/>
    </file>
    <file name="MenuItem.js" path="/Users/samtownsend/CloudStation/Engineering/orm/src/MenuItem.js">
      <metrics statements="7" coveredstatements="7" conditionals="0" coveredconditionals="0" methods="2" coveredmethods="2"/>
      <line num="1" count="1" type="stmt"/>
      <line num="5" count="1" type="stmt"/>
      <line num="6" count="1" type="stmt"/>
      <line num="7" count="1" type="stmt"/>
      <line num="8" count="1" type="stmt"/>
      <line num="12" count="1" type="stmt"/>
      <line num="17" count="1" type="stmt"/>
    </file>
    <file name="Restaurant.js" path="/Users/samtownsend/CloudStation/Engineering/orm/src/Restaurant.js">
      <metrics statements="12" coveredstatements="12" conditionals="0" coveredconditionals="0" methods="6" coveredmethods="6"/>
      <line num="1" count="3" type="stmt"/>
      <line num="5" count="5" type="stmt"/>
      <line num="6" count="5" type="stmt"/>
      <line num="7" count="5" type="stmt"/>
      <line num="11" count="1" type="stmt"/>
      <line num="12" count="1" type="stmt"/>
      <line num="13" count="1" type="stmt"/>
      <line num="18" count="4" type="stmt"/>
      <line num="23" count="3" type="stmt"/>
      <line num="24" count="3" type="stmt"/>
      <line num="25" count="3" type="stmt"/>
      <line num="30" count="3" type="stmt"/>
    </file>
    <file name="db.js" path="/Users/samtownsend/CloudStation/Engineering/orm/src/db.js">
      <metrics statements="3" coveredstatements="3" conditionals="2" coveredconditionals="1" methods="0" coveredmethods="0"/>
      <line num="1" count="3" type="stmt"/>
      <line num="2" count="3" type="cond" truecount="1" falsecount="1"/>
      <line num="4" count="3" type="stmt"/>
    </file>
  </project>
</coverage>
